Using pre-set license
Built from '2020.3/staging' branch; Version is '2020.3.14f1 (d0d1bb862f9d) revision 13685179'; Using compiler version '192528614'; Build Type 'Release'
OS: 'Windows 10 Pro; OS build 19043.1237; Version 2009; 64bit' Language: 'en' Physical Memory: 16276 MB
BatchMode: 1, IsHumanControllingUs: 0, StartBugReporterOnCrash: 0, Is64bit: 1, IsPro: 0

 COMMAND LINE ARGUMENTS:
D:\unity\2020.3.14f1\Editor\Unity.exe
-adb2
-batchMode
-noUpm
-name
AssetImportWorker0
-projectPath
D:/UNTY/Social DIstancing
-logFile
Logs/AssetImportWorker0.log
-srvPort
61305
Successfully changed project path to: D:/UNTY/Social DIstancing
D:/UNTY/Social DIstancing
Using Asset Import Pipeline V2.
Refreshing native plugins compatible for Editor in 62.32 ms, found 2 plugins.
Preloading 0 native plugins for Editor in 0.00 ms.
Initialize engine version: 2020.3.14f1 (d0d1bb862f9d)
[Subsystems] Discovering subsystems at path D:/unity/2020.3.14f1/Editor/Data/Resources/UnitySubsystems
[Subsystems] Discovering subsystems at path D:/UNTY/Social DIstancing/Assets
GfxDevice: creating device client; threaded=0
Direct3D:
    Version:  Direct3D 11.0 [level 11.1]
    Renderer: NVIDIA GeForce GTX 1060 with Max-Q Design (ID=0x1c20)
    Vendor:   
    VRAM:     6052 MB
    Driver:   30.0.14.7212
Initialize mono
Mono path[0] = 'D:/unity/2020.3.14f1/Editor/Data/Managed'
Mono path[1] = 'D:/unity/2020.3.14f1/Editor/Data/MonoBleedingEdge/lib/mono/unityjit'
Mono config path = 'D:/unity/2020.3.14f1/Editor/Data/MonoBleedingEdge/etc'
Using monoOptions --debugger-agent=transport=dt_socket,embedding=1,server=y,suspend=n,address=127.0.0.1:56976
Begin MonoManager ReloadAssembly
Registering precompiled unity dll's ...
Register platform support module: D:/unity/2020.3.14f1/Editor/Data/PlaybackEngines/WebGLSupport/UnityEditor.WebGL.Extensions.dll
Register platform support module: D:/unity/2020.3.14f1/Editor/Data/PlaybackEngines/WindowsStandaloneSupport/UnityEditor.WindowsStandalone.Extensions.dll
Registered in 0.001916 seconds.
Native extension for WindowsStandalone target not found
Native extension for WebGL target not found
Refreshing native plugins compatible for Editor in 105.27 ms, found 2 plugins.
Preloading 0 native plugins for Editor in 0.00 ms.
Mono: successfully reloaded assembly
- Completed reload, in  2.051 seconds
Domain Reload Profiling:
	ReloadAssembly (2051ms)
		BeginReloadAssembly (97ms)
			ExecutionOrderSort (0ms)
			DisableScriptedObjects (0ms)
			BackupInstance (0ms)
			ReleaseScriptingObjects (0ms)
			CreateAndSetChildDomain (1ms)
		EndReloadAssembly (887ms)
			LoadAssemblies (97ms)
			RebuildTransferFunctionScriptingTraits (0ms)
			SetupTypeCache (216ms)
			ReleaseScriptCaches (0ms)
			RebuildScriptCaches (69ms)
			SetupLoadedEditorAssemblies (345ms)
				LogAssemblyErrors (0ms)
				InitializePlatformSupportModulesInManaged (8ms)
				SetLoadedEditorAssemblies (0ms)
				RefreshPlugins (105ms)
				BeforeProcessingInitializeOnLoad (30ms)
				ProcessInitializeOnLoadAttributes (152ms)
				ProcessInitializeOnLoadMethodAttributes (48ms)
				AfterProcessingInitializeOnLoad (0ms)
				EditorAssembliesLoaded (0ms)
			ExecutionOrderSort2 (0ms)
			AwakeInstancesAfterBackupRestoration (0ms)
Platform modules already initialized, skipping
Registering precompiled user dll's ...
Registered in 0.007414 seconds.
Begin MonoManager ReloadAssembly
Native extension for WindowsStandalone target not found
Native extension for WebGL target not found
Refreshing native plugins compatible for Editor in 54.70 ms, found 2 plugins.
Preloading 0 native plugins for Editor in 0.00 ms.
Mono: successfully reloaded assembly
- Completed reload, in  1.459 seconds
Domain Reload Profiling:
	ReloadAssembly (1461ms)
		BeginReloadAssembly (222ms)
			ExecutionOrderSort (0ms)
			DisableScriptedObjects (6ms)
			BackupInstance (0ms)
			ReleaseScriptingObjects (0ms)
			CreateAndSetChildDomain (25ms)
		EndReloadAssembly (1171ms)
			LoadAssemblies (143ms)
			RebuildTransferFunctionScriptingTraits (0ms)
			SetupTypeCache (435ms)
			ReleaseScriptCaches (0ms)
			RebuildScriptCaches (54ms)
			SetupLoadedEditorAssemblies (403ms)
				LogAssemblyErrors (0ms)
				InitializePlatformSupportModulesInManaged (6ms)
				SetLoadedEditorAssemblies (0ms)
				RefreshPlugins (55ms)
				BeforeProcessingInitializeOnLoad (97ms)
				ProcessInitializeOnLoadAttributes (237ms)
				ProcessInitializeOnLoadMethodAttributes (5ms)
				AfterProcessingInitializeOnLoad (3ms)
				EditorAssembliesLoaded (0ms)
			ExecutionOrderSort2 (0ms)
			AwakeInstancesAfterBackupRestoration (7ms)
Platform modules already initialized, skipping
========================================================================
Worker process is ready to serve import requests
Launched and connected shader compiler UnityShaderCompiler.exe after 0.08 seconds
Refreshing native plugins compatible for Editor in 0.77 ms, found 2 plugins.
Preloading 0 native plugins for Editor in 0.00 ms.
Unloading 1806 Unused Serialized files (Serialized files now loaded: 0)
System memory in use before: 81.5 MB.
System memory in use after: 81.5 MB.

Unloading 42 unused Assets to reduce memory usage. Loaded Objects now: 2215.
Total: 2.277500 ms (FindLiveObjects: 0.208900 ms CreateObjectMapping: 0.079200 ms MarkObjects: 1.887400 ms  DeleteObjects: 0.100300 ms)

AssetImportParameters requested are different than current active one (requested -> active):
  custom:framework-win-MediaFoundation: 216162199b28c13a410421893ffa2e32 -> 
  custom:video-decoder-ogg-theora: a1e56fd34408186e4bbccfd4996cb3dc -> 
  custom:container-muxer-webm: aa71ff27fc2769a1b78a27578f13a17b -> 
  custom:container-demuxer-webm: 4f35f7cbe854078d1ac9338744f61a02 -> 
  custom:container-demuxer-ogg: 62fdf1f143b41e24485cea50d1cbac27 -> 
  custom:video-encoder-webm-vp8: eb34c28f22e8b96e1ab97ce403110664 -> 
  custom:video-decoder-webm-vp8: 9c59270c3fd7afecdb556c50c9e8de78 -> 
  custom:audio-decoder-ogg-vorbis: bf7c407c2cedff20999df2af8eb42d56 -> 
  custom:audio-encoder-webm-vorbis: bf7c407c2cedff20999df2af8eb42d56 -> 
========================================================================
Received Import Request.
  path: Assets/player 1.png
  artifactKey: Guid(0776094015c479d429a3ed50fb58be86) Importer(815301076,1909f56bfc062723c751e8b465ee728b)
Start importing Assets/player 1.png using Guid(0776094015c479d429a3ed50fb58be86) Importer(815301076,1909f56bfc062723c751e8b465ee728b)  -> (artifact id: '78849ca6ae2a4f2f64b7c5d80956e3a9') in 0.411145 seconds 
  Import took 0.414965 seconds .

========================================================================
Received Import Request.
  Time since last request: 0.000320 seconds.
  path: Assets/LOGO TRANSPARENT.png
  artifactKey: Guid(ec2ff026b26c3a44bb165233600fc02d) Importer(815301076,1909f56bfc062723c751e8b465ee728b)
Start importing Assets/LOGO TRANSPARENT.png using Guid(ec2ff026b26c3a44bb165233600fc02d) Importer(815301076,1909f56bfc062723c751e8b465ee728b)  -> (artifact id: '4ad5e105524b64035ae0e497f01f7a30') in 0.039732 seconds 
  Import took 0.043512 seconds .

========================================================================
Received Import Request.
  Time since last request: 0.000289 seconds.
  path: Assets/Image.prefab
  artifactKey: Guid(8cfed00e1ea62064cb9a50370c03a3da) Importer(815301076,1909f56bfc062723c751e8b465ee728b)
Start importing Assets/Image.prefab using Guid(8cfed00e1ea62064cb9a50370c03a3da) Importer(815301076,1909f56bfc062723c751e8b465ee728b)  -> (artifact id: '149b5dc0db4580554aae721cbb00855d') in 0.086541 seconds 
  Import took 0.089574 seconds .

========================================================================
Received Import Request.
  Time since last request: 0.000277 seconds.
  path: Assets/white-tiles-textures-background_74190-3870.jpg
  artifactKey: Guid(d9ca3b2d5e74ab74886facc7568c03a8) Importer(815301076,1909f56bfc062723c751e8b465ee728b)
Start importing Assets/white-tiles-textures-background_74190-3870.jpg using Guid(d9ca3b2d5e74ab74886facc7568c03a8) Importer(815301076,1909f56bfc062723c751e8b465ee728b)  -> (artifact id: '197fdc7ac5716335db4d1f494aea6e11') in 0.088467 seconds 
  Import took 0.091568 seconds .

========================================================================
Received Import Request.
  Time since last request: 0.000322 seconds.
  path: Assets/dust.png
  artifactKey: Guid(6d536e755fdc0194f8e5e5e79b1560ba) Importer(815301076,1909f56bfc062723c751e8b465ee728b)
Start importing Assets/dust.png using Guid(6d536e755fdc0194f8e5e5e79b1560ba) Importer(815301076,1909f56bfc062723c751e8b465ee728b)  -> (artifact id: 'a30b0b2bb53d19f62b230a10929d2cef') in 0.084584 seconds 
  Import took 0.087782 seconds .

========================================================================
Received Import Request.
  Time since last request: 0.000266 seconds.
  path: Assets/BABA CORECTA.png
  artifactKey: Guid(6cd4bf6d4d513ec4ca3cf96478078fb3) Importer(815301076,1909f56bfc062723c751e8b465ee728b)
Start importing Assets/BABA CORECTA.png using Guid(6cd4bf6d4d513ec4ca3cf96478078fb3) Importer(815301076,1909f56bfc062723c751e8b465ee728b)  -> (artifact id: '87d7e7a928e994b0fa71611e190e629c') in 0.019408 seconds 
  Import took 0.022465 seconds .

========================================================================
Received Import Request.
  Time since last request: 0.000243 seconds.
  path: Assets/BAR.png
  artifactKey: Guid(8e4372d8dfc5cf941af9495cafab6eed) Importer(815301076,1909f56bfc062723c751e8b465ee728b)
Start importing Assets/BAR.png using Guid(8e4372d8dfc5cf941af9495cafab6eed) Importer(815301076,1909f56bfc062723c751e8b465ee728b)  -> (artifact id: '1feffa06b4a6b5e6dc5a5717cd7c87fd') in 0.019691 seconds 
  Import took 0.023412 seconds .

========================================================================
Received Import Request.
  Time since last request: 0.000304 seconds.
  path: Assets/BABA CORECTA.png
  artifactKey: Guid(6cd4bf6d4d513ec4ca3cf96478078fb3) Importer(815301076,1909f56bfc062723c751e8b465ee728b)
Start importing Assets/BABA CORECTA.png using Guid(6cd4bf6d4d513ec4ca3cf96478078fb3) Importer(815301076,1909f56bfc062723c751e8b465ee728b)  -> (artifact id: '87d7e7a928e994b0fa71611e190e629c') in 0.017254 seconds 
  Import took 0.020320 seconds .

========================================================================
Received Import Request.
  Time since last request: 0.000184 seconds.
  path: Assets/Scenes
  artifactKey: Guid(ac7f2d83256bfa44d9645c938d20324b) Importer(815301076,1909f56bfc062723c751e8b465ee728b)
Start importing Assets/Scenes using Guid(ac7f2d83256bfa44d9645c938d20324b) Importer(815301076,1909f56bfc062723c751e8b465ee728b)  -> (artifact id: '3a984a5b93887707b4350b7761e811b8') in 0.005954 seconds 
  Import took 0.008956 seconds .

========================================================================
Received Import Request.
  Time since last request: 0.000243 seconds.
  path: Assets/New TMP Color Gradient.asset
  artifactKey: Guid(3aca1735b08281643958c383d368bee0) Importer(815301076,1909f56bfc062723c751e8b465ee728b)
Start importing Assets/New TMP Color Gradient.asset using Guid(3aca1735b08281643958c383d368bee0) Importer(815301076,1909f56bfc062723c751e8b465ee728b)  -> (artifact id: '2f9781f7692af68785395b95f6fc58d2') in 0.009139 seconds 
  Import took 0.012121 seconds .

========================================================================
Received Import Request.
  Time since last request: 0.074379 seconds.
  path: Assets/Scenes/New Material.mat
  artifactKey: Guid(16adb3c8eed481e4eb9119fcdd3983df) Importer(815301076,1909f56bfc062723c751e8b465ee728b)
Start importing Assets/Scenes/New Material.mat using Guid(16adb3c8eed481e4eb9119fcdd3983df) Importer(815301076,1909f56bfc062723c751e8b465ee728b)  -> (artifact id: '54b87a99af0c1bc89b4e35c4a5632170') in 0.151236 seconds 
  Import took 0.155016 seconds .

========================================================================
Received Import Request.
  Time since last request: 2.016985 seconds.
  path: Assets/Scenes/Endless.unity
  artifactKey: Guid(5c6a288ae33768348938abf1952e6da6) Importer(815301076,1909f56bfc062723c751e8b465ee728b)
Start importing Assets/Scenes/Endless.unity using Guid(5c6a288ae33768348938abf1952e6da6) Importer(815301076,1909f56bfc062723c751e8b465ee728b)  -> (artifact id: 'dd7ea223fdc742dc96f548408997dd43') in 0.023157 seconds 
  Import took 0.026489 seconds .

========================================================================
Received Import Request.
  Time since last request: 0.780751 seconds.
  path: Assets/Scenes/Levels.unity
  artifactKey: Guid(7f798912b24e86948aba9f70422434de) Importer(815301076,1909f56bfc062723c751e8b465ee728b)
Start importing Assets/Scenes/Levels.unity using Guid(7f798912b24e86948aba9f70422434de) Importer(815301076,1909f56bfc062723c751e8b465ee728b)  -> (artifact id: '712feb5062c1084e244616b0fa5acaf2') in 0.008867 seconds 
  Import took 0.012356 seconds .

========================================================================
Received Import Request.
  Time since last request: 0.004962 seconds.
  path: Assets/Scenes/Levels.unity
  artifactKey: Guid(7f798912b24e86948aba9f70422434de) Importer(815301076,1909f56bfc062723c751e8b465ee728b)
Start importing Assets/Scenes/Levels.unity using Guid(7f798912b24e86948aba9f70422434de) Importer(815301076,1909f56bfc062723c751e8b465ee728b)  -> (artifact id: '712feb5062c1084e244616b0fa5acaf2') in 0.003576 seconds 
  Import took 0.007891 seconds .

========================================================================
Received Import Request.
  Time since last request: 0.088832 seconds.
  path: Assets/Scenes/newMAINMENU.unity
  artifactKey: Guid(9642097f1e476734c9260a75d46623df) Importer(815301076,1909f56bfc062723c751e8b465ee728b)
Start importing Assets/Scenes/newMAINMENU.unity using Guid(9642097f1e476734c9260a75d46623df) Importer(815301076,1909f56bfc062723c751e8b465ee728b)  -> (artifact id: 'a8147c8fd286bdb6039d139a18e27d9f') in 0.010272 seconds 
  Import took 0.014417 seconds .

AssetImportWorkerClient::OnTransportError - code=2 error=End of file
